make all --print-data-base --no-builtin-variables --no-builtin-rules --question
# GNU Make 3.81
# Copyright (C) 2006  Free Software Foundation, Inc.
# This is free software; see the source for copying conditions.
# There is NO warranty; not even for MERCHANTABILITY or FITNESS FOR A
# PARTICULAR PURPOSE.

# This program built for i386-apple-darwin11.3.0
 
make: *** No rule to make target `all'.  Stop.
 

# Make data base, printed on Mon Feb 28 23:05:32 2022
 

# Variables

# automatic
<D = $(patsubst %/,%,$(dir $<))
# automatic
?F = $(notdir $?)
# environment
ELECTRON_NO_ATTACH_CONSOLE = 1
# environment
VSCODE_LOG_NATIVE = false
# automatic
?D = $(patsubst %/,%,$(dir $?))
# environment
CPPFLAGS = -I/usr/local/opt/openssl@1.1/include
# automatic
@D = $(patsubst %/,%,$(dir $@))
# automatic
@F = $(notdir $@)
# makefile
CURDIR := /Users/alex/csci/opensource/twbridge
# makefile
SHELL = /bin/sh
# environment
VSCODE_NLS_CONFIG = {"locale":"en-us","availableLanguages":{},"_languagePackSupport":true}
# environment
_ = /usr/bin/make
# makefile (from `Makefile', line 1)
MAKEFILE_LIST :=  Makefile
# environment
VSCODE_AMD_ENTRYPOINT = vs/workbench/services/extensions/node/extensionHostProcess
# environment
VSCODE_VERBOSE_LOGGING = true
# environment
__CFBundleIdentifier = com.microsoft.VSCode
# environment
VSCODE_IPC_HOOK_EXTHOST = /var/folders/ky/3bcwwkt15q1dswclqxsk9svm0000gn/T/vscode-ipc-5930fe76-f3e4-46aa-a297-5949cc0a9e5a.sock
# environment
VSCODE_CWD = /Users/alex/csci/opensource/twbridge
# environment
GOPROXY = https://proxy.golang.org,direct
# environment
PATH = /Users/alex/.gem/ruby/3.0.0/bin:/usr/local/opt/ruby/bin:/usr/local/lib/ruby/gems/3.0.0/bin:/Users/alex/.rbenv/shims:/usr/local/opt/openssl@1.1/bin:/usr/local/opt/postgresql@12/bin:/opt/apache-maven-3.6.3/bin:/opt/anaconda3/condabin:/Users/alex/google-cloud-sdk/bin:/usr/local/bin:/usr/local/bin:/usr/bin:/bin:/usr/sbin:/sbin:/Library/TeX/texbin:/usr/local/go/bin:/usr/local/share/dotnet:/opt/X11/bin:~/.dotnet/tools:/Library/Apple/usr/bin:/Library/Frameworks/Mono.framework/Versions/Current/Commands:/Users/alex/.cargo/bin:/Applications/MySQLWorkbench.app/Contents/MacOS:/usr/local/avr/bin:/Users/alex/bin:/Users/alex/go/bin
# environment
LSCOLORS = Gxfxcxdxbxegedabagacad
# environment
SPACESHIP_VERSION = 3.11.2
# environment
GOPATH = /Users/alex/go
# environment
LaunchInstanceID = B9F8A423-B786-4594-A78B-74E507506998
# environment
VSCODE_LOG_STACK = false
# environment
ELECTRON_RUN_AS_NODE = 1
# environment
LDFLAGS = -L/usr/local/opt/openssl@1.1/lib
# default
.FEATURES := target-specific order-only second-expansion else-if archives jobserver check-symlink
# environment
SSH_AUTH_SOCK = /private/tmp/com.apple.launchd.OV9otqkXkf/Listeners
# environment
CPLUS_INCLUDE_PATH = /usr/local/include
# automatic
%F = $(notdir $%)
# environment
DISPLAY = /private/tmp/com.apple.launchd.AhNtNAx122/org.xquartz:0
# environment
CONDA_EXE = /opt/anaconda3/bin/conda
# environment
VSCODE_PIPE_LOGGING = true
# environment
PWD = /Users/alex/csci/opensource/twbridge
# environment
PKG_CONFIG_PATH = /usr/local/opt/openssl@1.1/lib/pkgconfig
# environment
ORIGINAL_XDG_CURRENT_DESKTOP = undefined
# environment
GOMODCACHE = /Users/alex/go/pkg/mod
# environment
PYENV_SHELL = zsh
# environment
HOME = /Users/alex
# default
MAKEFILEPATH := /Applications/Xcode.app/Contents/Developer/Makefiles
# environment
VSCODE_CLI = 1
# environment
VSCODE_CODE_CACHE_PATH = /Users/alex/Library/Application Support/Code/CachedData/f80445acd5a3dadef24aa209168452a3d97cc326
# environment
LOGNAME = alex
# environment
APPLICATION_INSIGHTS_NO_DIAGNOSTIC_CHANNEL = 1
# environment
ZSH = /Users/alex/.oh-my-zsh
# environment
VSCODE_HANDLES_UNCAUGHT_ERRORS = true
# automatic
^D = $(patsubst %/,%,$(dir $^))
# environment
XPC_FLAGS = 0x0
# environment
COLORTERM = truecolor
# default
MAKE = $(MAKE_COMMAND)
# environment
LC_TERMINAL = iTerm2
# environment
SHLVL = 3
# environment
JAVA_HOME = /Library/Java/JavaVirtualMachines/jdk-12.0.1.jdk/Contents/Home
# default
MAKE_VERSION := 3.81
 
# environment
USER = alex
# makefile
.DEFAULT_GOAL := default
# default
MAKECMDGOALS := all
# environment
TERM_SESSION_ID = w1t0p0:45FC8485-8C1D-4ECC-8DD6-76C09C538A20
# environment
LESS = -R
# automatic
%D = $(patsubst %/,%,$(dir $%))
# environment
CONDA_SHLVL = 0
# default
MAKE_COMMAND := /Applications/Xcode.app/Contents/Developer/usr/bin/make
# environment
TERM_PROGRAM = iTerm.app
# default
.VARIABLES := 
# environment
TMPDIR = /var/folders/ky/3bcwwkt15q1dswclqxsk9svm0000gn/T/
# automatic
*F = $(notdir $*)
# environment
VSCODE_IPC_HOOK = /Users/alex/Library/Application Support/Code/1.64.2-main.sock
# makefile
MAKEFLAGS = Rrqp
# environment
MFLAGS = -Rrqp
# automatic
*D = $(patsubst %/,%,$(dir $*))
# environment
TERM_PROGRAM_VERSION = 3.4.15
# environment
XPC_SERVICE_NAME = application.com.microsoft.VSCode.38889502.38889508.C6A42680-CFE8-4F06-B4DA-CCDD62779BF7
# environment
LC_TERMINAL_VERSION = 3.4.15
# automatic
+D = $(patsubst %/,%,$(dir $+))
# automatic
+F = $(notdir $+)
# environment
ITERM_SESSION_ID = w1t0p0:45FC8485-8C1D-4ECC-8DD6-76C09C538A20
# environment
COLORFGBG = 15;0
# environment
__CF_USER_TEXT_ENCODING = 0x1F5:0x0:0x0
# environment
COMMAND_MODE = unix2003
# default
MAKEFILES := 
# environment
RBENV_SHELL = zsh
# automatic
<F = $(notdir $<)
# environment
ITERM_PROFILE = Default
# environment
PAGER = less
# environment
LC_ALL = C
# environment
CONDA_PYTHON_EXE = /opt/anaconda3/bin/python
# environment
SECURITYSESSIONID = 186a9
# environment
SPACESHIP_ROOT = /Users/alex/.oh-my-zsh/custom/themes/spaceship-prompt
# automatic
^F = $(notdir $^)
# default
SUFFIXES := 
# environment
_CE_M = 
# default
.INCLUDE_DIRS = /usr/local/include
# environment
MAKELEVEL := 0
# environment
LANG = C
# environment
TERM = xterm-256color
# environment
VSCODE_PID = 19135
# environment
_CE_CONDA = 
# variable set hash-table stats:
# Load=98/1024=10%, Rehash=0, Collisions=6/122=5%

# Pattern-specific Variable Values

# No pattern-specific variable values.

# Directories

# . (device 16777222, inode 40289489): 17 files, no impossibilities.

# 17 files, no impossibilities in 1 directories.

# Implicit Rules

# No implicit rules.

# Files

golangci-lint:
#  Phony target (prerequisite of .PHONY).
#  Implicit rule search has not been done.
#  File does not exist.
#  File has not been updated.
#  commands to execute (from `Makefile', line 9):
	@sh -c "'$(CURDIR)/scripts/golangci_lint_check.sh'"
	

# Not a target:
all:
#  Command-line target.
#  Implicit rule search has been done.
 
#  File does not exist.
#  File has not been updated.
# variable set hash-table stats:
# Load=0/32=0%, Rehash=0, Collisions=0/0=0%

.PHONY: tests unittests golangci-lint build
#  Implicit rule search has not been done.
#  Modification time never checked.
#  File has not been updated.

tests: golangci-lint unittests
#  Phony target (prerequisite of .PHONY).
#  Implicit rule search has not been done.
#  File does not exist.
#  File has not been updated.

# Not a target:
.SUFFIXES:
#  Implicit rule search has not been done.
#  Modification time never checked.
#  File has not been updated.

# Not a target:
Makefile:
#  Implicit rule search has been done.
#  Last modified 2022-02-22 17:11:27
#  File has been updated.
#  Successfully updated.
# variable set hash-table stats:
# Load=0/32=0%, Rehash=0, Collisions=0/0=0%

build:
#  Phony target (prerequisite of .PHONY).
#  Implicit rule search has not been done.
#  File does not exist.
#  File has not been updated.
#  commands to execute (from `Makefile', line 12):
	@sh -c "'$(CURDIR)/scripts/build.sh'"
	

default: tests
#  Implicit rule search has not been done.
#  Modification time never checked.
#  File has not been updated.

# Not a target:
.DEFAULT:
#  Implicit rule search has not been done.
#  Modification time never checked.
#  File has not been updated.

unittests:
#  Phony target (prerequisite of .PHONY).
#  Implicit rule search has not been done.
#  File does not exist.
#  File has not been updated.
#  commands to execute (from `Makefile', line 6):
	@sh -c "'$(CURDIR)/scripts/unit_tests.sh'"
	

# files hash-table stats:
# Load=10/1024=1%, Rehash=0, Collisions=0/29=0%
# VPATH Search Paths

# No `vpath' search paths.

# No general (`VPATH' variable) search path.

# # of strings in strcache: 1
# # of strcache buffers: 1
# strcache size: total = 4096 / max = 4096 / min = 4096 / avg = 4096
# strcache free: total = 4087 / max = 4087 / min = 4087 / avg = 4087

# Finished Make data base on Mon Feb 28 23:05:32 2022

 
